<?xml version="1.0" encoding="UTF-8"?>
<!-- Generated by org.testng.reporters.JUnitReportReporter -->
<testsuite hostname="Satyam" failures="0" tests="3" name="Runner.Runner" time="1.492" errors="0" timestamp="2021-02-09T19:04:40 IST" skipped="0">
  <testcase classname="Runner.Runner" name="runScenario" time="0.782"/>
  <system-out/>
  <testcase classname="Runner.Runner" name="runScenario" time="0.360"/>
  <system-out/>
  <testcase classname="Runner.Runner" name="runScenario" time="0.350"/>
  <system-out/>
</testsuite> <!-- Runner.Runner -->
