<?xml version="1.0" encoding="UTF-8"?>
<!-- Generated by org.testng.reporters.JUnitReportReporter -->
<testsuite hostname="Satyam" failures="0" tests="1" name="Runner.Runner" time="59.378" errors="0" timestamp="2021-02-25T13:44:45 IST" skipped="0">
  <testcase classname="Runner.Runner" name="runScenario" time="59.378"/>
  <system-out/>
</testsuite> <!-- Runner.Runner -->
